[debug] [2023-02-16T09:28:14.099Z] ----------------------------------------------------------------------
[debug] [2023-02-16T09:28:14.102Z] Command:       C:\Program Files\nodejs\node.exe C:\Users\yeabtsega.behailu\AppData\Roaming\npm\node_modules\firebase-tools\lib\bin\firebase.js init
[debug] [2023-02-16T09:28:14.103Z] CLI Version:   11.23.1
[debug] [2023-02-16T09:28:14.104Z] Platform:      win32
[debug] [2023-02-16T09:28:14.104Z] Node Version:  v18.12.1
[debug] [2023-02-16T09:28:14.105Z] Time:          Thu Feb 16 2023 12:28:14 GMT+0300 (East Africa Time)
[debug] [2023-02-16T09:28:14.106Z] ----------------------------------------------------------------------
[debug] 
[debug] [2023-02-16T09:28:14.111Z] >>> [apiv2][query] GET https://firebase-public.firebaseio.com/cli.json [none]
[debug] [2023-02-16T09:28:14.172Z] > command requires scopes: ["email","openid","https://www.googleapis.com/auth/cloudplatformprojects.readonly","https://www.googleapis.com/auth/firebase","https://www.googleapis.com/auth/cloud-platform"]
[debug] [2023-02-16T09:28:14.172Z] > authorizing via signed-in user (yeabtsegabehailu@gmail.com)
[info] 
     ######## #### ########  ######## ########     ###     ######  ########
     ##        ##  ##     ## ##       ##     ##  ##   ##  ##       ##
     ######    ##  ########  ######   ########  #########  ######  ######
     ##        ##  ##    ##  ##       ##     ## ##     ##       ## ##
     ##       #### ##     ## ######## ########  ##     ##  ######  ########

You're about to initialize a Firebase project in this directory:

  E:\Evangadi\PROJECTS\Netflix\netflix

[warn] !  Unable to fetch the CLI MOTD and remote config. 
[debug] [2023-02-16T09:28:14.696Z] Failed to fetch MOTD FirebaseError: Failed to make request to https://firebase-public.firebaseio.com/cli.json
[info] 
=== Project Setup
[info] 
[info] First, let's associate this project directory with a Firebase project.
[info] You can create multiple project aliases by running firebase use --add, 
[info] but for now we'll just set up a default project.
[info] 
[debug] [2023-02-16T09:28:31.944Z] >>> [apiv2][query] GET https://firebase.googleapis.com/v1beta1/projects pageSize=100
[debug] [2023-02-16T09:28:32.353Z] Failed to make request to https://firebase.googleapis.com/v1beta1/projects?pageSize=100
[debug] [2023-02-16T09:28:32.355Z] FirebaseError: Failed to make request to https://firebase.googleapis.com/v1beta1/projects?pageSize=100
    at RetryOperation._fn (C:\Users\yeabtsega.behailu\AppData\Roaming\npm\node_modules\firebase-tools\lib\apiv2.js:242:31)
    at process.processTicksAndRejections (node:internal/process/task_queues:95:5)
[error] 
[error] Error: Failed to list Firebase projects. See firebase-debug.log for more info.
